<?xml version="1.0" encoding="UTF-8"?>
<testng-results skipped="0" failed="0" total="1" passed="1">
  <reporter-output>
  </reporter-output>
  <suite name="Surefire suite" duration-ms="905" started-at="2015-05-07T03:15:47Z" finished-at="2015-05-07T03:15:48Z">
    <groups>
    </groups>
    <test name="Surefire test" duration-ms="905" started-at="2015-05-07T03:15:47Z" finished-at="2015-05-07T03:15:48Z">
      <class name="com.ivanqueiroz.devtools.devtools.js.JsInteractionTest">
        <test-method status="PASS" signature="initializeJSEngine()[pri:0, instance:com.ivanqueiroz.devtools.devtools.js.JsInteractionTest@3834d63f]" name="initializeJSEngine" is-config="true" duration-ms="763" started-at="2015-05-07T00:15:47Z" finished-at="2015-05-07T00:15:48Z">
          <reporter-output>
          </reporter-output>
        </test-method> <!-- initializeJSEngine -->
        <test-method status="PASS" signature="testCallbackFromJavaScript()[pri:0, instance:com.ivanqueiroz.devtools.devtools.js.JsInteractionTest@3834d63f]" name="testCallbackFromJavaScript" duration-ms="130" started-at="2015-05-07T00:15:48Z" finished-at="2015-05-07T00:15:48Z">
          <reporter-output>
          </reporter-output>
        </test-method> <!-- testCallbackFromJavaScript -->
        <test-method status="PASS" signature="shutdownJSEngine()[pri:0, instance:com.ivanqueiroz.devtools.devtools.js.JsInteractionTest@3834d63f]" name="shutdownJSEngine" is-config="true" duration-ms="1" started-at="2015-05-07T00:15:48Z" finished-at="2015-05-07T00:15:48Z">
          <reporter-output>
          </reporter-output>
        </test-method> <!-- shutdownJSEngine -->
      </class> <!-- com.ivanqueiroz.devtools.devtools.js.JsInteractionTest -->
    </test> <!-- Surefire test -->
  </suite> <!-- Surefire suite -->
</testng-results>
